This file contains any messages produced by compilers while
running configure, to aid debugging if configure makes a mistake.

It was created by tdbcsqlite3 configure 1.0.4, which was
generated by GNU Autoconf 2.69.  Invocation command line was

  $ /home/lach/Sama/tcl/tcl8.6.6/pkgs/tdbcsqlite3-1.0.4/configure --with-tcl=../.. --with-tclinclude=/home/lach/Sama/tcl/tcl8.6.6/generic --with-sqlite --with-tcludp --with-itcl --with-thread --libdir=/usr/local/lib --enable-shared --enable-threads

## --------- ##
## Platform. ##
## --------- ##

hostname = artur
uname -m = i686
uname -r = 3.2.0-4-686-pae
uname -s = Linux
uname -v = #1 SMP Debian 3.2.54-2

/usr/bin/uname -p = unknown
/bin/uname -X     = unknown

/bin/arch              = unknown
/usr/bin/arch -k       = unknown
/usr/convex/getsysinfo = unknown
/usr/bin/hostinfo      = unknown
/bin/machine           = unknown
/usr/bin/oslevel       = unknown
/bin/universe          = unknown

PATH: /usr/local/bin
PATH: /usr/bin
PATH: /bin
PATH: /usr/local/games
PATH: /usr/games
PATH: ./
PATH: /dsk2/Sabre/fsl-release-bsp/out/tmp/sysroots/i686-linux/usr/bin/arm-poky-linux-gnueabi
PATH: /dsk2/Sabre/fsl-release-bsp/sources/poky/scripts
PATH: /dsk2/Sabre/fsl-release-bsp/sources/poky/bitbake/bin
PATH: /home/lach/bin
PATH: /root/CodeSourcery/Sourcery_G++_Lite/bin
PATH: /home/lach/Sama/buildroot-at91-master/output/host/usr/bin
PATH: /sbin
PATH: /usr/sbin
PATH: /usr/local/powerpc-eabi/bin
PATH: /usr/cross/powerpc-eabi-4.3.3/bin
PATH: /usr/cross/powerpc-elf/bin
PATH: /usr/local/arm-none-eabi/bin
PATH: /dsk2/Brillo/bdk/prebuilts/gcc/linux-x86/host/x86_64-linux-glibc2.15-4.8/bin


## ----------- ##
## Core tests. ##
## ----------- ##

configure:1786: checking for correct TEA configuration
configure:1799: result: ok (TEA 3.9)
configure:1881: configuring tdbcsqlite3 1.0.4
configure:1953: checking for Tcl configuration
configure:2078: result: found /home/lach/Sama/tcl/tcl8.6.6/unix/tclConfig.sh
configure:2131: checking for gcc
configure:2147: found /usr/bin/gcc
configure:2158: result: gcc
configure:2387: checking for C compiler version
configure:2396: gcc --version >&5
gcc (Debian 4.7.2-5) 4.7.2
Copyright (C) 2012 Free Software Foundation, Inc.
This is free software; see the source for copying conditions.  There is NO
warranty; not even for MERCHANTABILITY or FITNESS FOR A PARTICULAR PURPOSE.

configure:2407: $? = 0
configure:2396: gcc -v >&5
Using built-in specs.
COLLECT_GCC=gcc
COLLECT_LTO_WRAPPER=/usr/lib/gcc/i486-linux-gnu/4.7/lto-wrapper
Target: i486-linux-gnu
Configured with: ../src/configure -v --with-pkgversion='Debian 4.7.2-5' --with-bugurl=file:///usr/share/doc/gcc-4.7/README.Bugs --enable-languages=c,c++,go,fortran,objc,obj-c++ --prefix=/usr --program-suffix=-4.7 --enable-shared --enable-linker-build-id --with-system-zlib --libexecdir=/usr/lib --without-included-gettext --enable-threads=posix --with-gxx-include-dir=/usr/include/c++/4.7 --libdir=/usr/lib --enable-nls --with-sysroot=/ --enable-clocale=gnu --enable-libstdcxx-debug --enable-libstdcxx-time=yes --enable-gnu-unique-object --enable-plugin --enable-objc-gc --enable-targets=all --with-arch-32=i586 --with-tune=generic --enable-checking=release --build=i486-linux-gnu --host=i486-linux-gnu --target=i486-linux-gnu
Thread model: posix
gcc version 4.7.2 (Debian 4.7.2-5) 
configure:2407: $? = 0
configure:2396: gcc -V >&5
gcc: error: unrecognized command line option '-V'
gcc: fatal error: no input files
compilation terminated.
configure:2407: $? = 4
configure:2396: gcc -qversion >&5
gcc: error: unrecognized command line option '-qversion'
gcc: fatal error: no input files
compilation terminated.
configure:2407: $? = 4
configure:2427: checking whether the C compiler works
configure:2449: gcc    conftest.c  >&5
configure:2453: $? = 0
configure:2501: result: yes
configure:2504: checking for C compiler default output file name
configure:2506: result: a.out
configure:2512: checking for suffix of executables
configure:2519: gcc -o conftest    conftest.c  >&5
configure:2523: $? = 0
configure:2545: result: 
configure:2567: checking whether we are cross compiling
configure:2575: gcc -o conftest    conftest.c  >&5
configure:2579: $? = 0
configure:2586: ./conftest
configure:2590: $? = 0
configure:2605: result: no
configure:2610: checking for suffix of object files
configure:2632: gcc -c   conftest.c >&5
configure:2636: $? = 0
configure:2657: result: o
configure:2661: checking whether we are using the GNU C compiler
configure:2680: gcc -c   conftest.c >&5
configure:2680: $? = 0
configure:2689: result: yes
configure:2698: checking whether gcc accepts -g
configure:2718: gcc -c -g  conftest.c >&5
configure:2718: $? = 0
configure:2759: result: yes
configure:2776: checking for gcc option to accept ISO C89
configure:2839: gcc  -c   conftest.c >&5
configure:2839: $? = 0
configure:2852: result: none needed
configure:2874: checking for existence of /home/lach/Sama/tcl/tcl8.6.6/unix/tclConfig.sh
configure:2878: result: loading
configure:2942: checking platform
configure:2960: gcc -c   conftest.c >&5
configure:2960: $? = 0
configure:3010: result: unix
configure:3055: checking for tdbc configuration
configure:3142: result: found /home/lach/Sama/tcl/tcl8.6.6/unix/pkgs/tdbc1.0.4/tdbcConfig.sh
configure:3148: checking for existence of /home/lach/Sama/tcl/tcl8.6.6/unix/pkgs/tdbc1.0.4/tdbcConfig.sh
configure:3152: result: loading
configure:3170: WARNING: Found Makefile - using build library specs for tdbc
configure:3241: checking For tdbc_STUB library for LIBS
configure:3274: result: using tdbc_STUB_LIB_SPEC -L/home/lach/Sama/tcl/tcl8.6.6/unix/pkgs/tdbc1.0.4 -ltdbcstub1.0.4
configure:3299: --prefix defaulting to TCL_PREFIX /usr/local
configure:3311: --exec-prefix defaulting to TCL_EXEC_PREFIX /usr/local
configure:3383: checking for tclsh
configure:3410: result: /home/lach/Sama/tcl/tcl8.6.6/unix/tclsh
configure:3573: creating ./config.status

## ---------------------- ##
## Running config.status. ##
## ---------------------- ##

This file was extended by tdbcsqlite3 config.status 1.0.4, which was
generated by GNU Autoconf 2.69.  Invocation command line was

  CONFIG_FILES    = 
  CONFIG_HEADERS  = 
  CONFIG_LINKS    = 
  CONFIG_COMMANDS = 
  $ ./config.status 

on artur

config.status:771: creating Makefile
config.status:771: creating pkgIndex.tcl
configure:4575: WARNING: unrecognized options: --with-tclinclude, --with-sqlite, --with-tcludp, --with-itcl, --with-thread, --enable-shared, --enable-threads

## ---------------- ##
## Cache variables. ##
## ---------------- ##

ac_cv_c_compiler_gnu=yes
ac_cv_c_tclconfig=/home/lach/Sama/tcl/tcl8.6.6/unix
ac_cv_c_tdbcconfig=/home/lach/Sama/tcl/tcl8.6.6/unix/pkgs/tdbc1.0.4
ac_cv_env_CC_set=
ac_cv_env_CC_value=
ac_cv_env_CFLAGS_set=
ac_cv_env_CFLAGS_value=
ac_cv_env_CPPFLAGS_set=
ac_cv_env_CPPFLAGS_value=
ac_cv_env_LDFLAGS_set=
ac_cv_env_LDFLAGS_value=
ac_cv_env_LIBS_set=
ac_cv_env_LIBS_value=
ac_cv_env_build_alias_set=
ac_cv_env_build_alias_value=
ac_cv_env_host_alias_set=
ac_cv_env_host_alias_value=
ac_cv_env_target_alias_set=
ac_cv_env_target_alias_value=
ac_cv_objext=o
ac_cv_prog_ac_ct_CC=gcc
ac_cv_prog_cc_c89=
ac_cv_prog_cc_g=yes

## ----------------- ##
## Output variables. ##
## ----------------- ##

CC='gcc'
CFLAGS=''
CLEANFILES=''
CPPFLAGS=''
CYGPATH='echo'
DEFS='-DPACKAGE_NAME=\"tdbcsqlite3\" -DPACKAGE_TARNAME=\"tdbcsqlite3\" -DPACKAGE_VERSION=\"1.0.4\" -DPACKAGE_STRING=\"tdbcsqlite3\ 1.0.4\" -DPACKAGE_BUGREPORT=\"\" -DPACKAGE_URL=\"\" -DBUILD_tdbcsqlite3=/\*\*/'
ECHO_C=''
ECHO_N='-n'
ECHO_T=''
EXEEXT=''
LDFLAGS=''
LIBOBJS=''
LIBS=''
LTLIBOBJS=''
OBJEXT='o'
PACKAGE_BUGREPORT=''
PACKAGE_NAME='tdbcsqlite3'
PACKAGE_STRING='tdbcsqlite3 1.0.4'
PACKAGE_TARNAME='tdbcsqlite3'
PACKAGE_URL=''
PACKAGE_VERSION='1.0.4'
PATH_SEPARATOR=':'
PKG_CFLAGS=''
PKG_HEADERS=''
PKG_INCLUDES=''
PKG_LIBS=' -L/home/lach/Sama/tcl/tcl8.6.6/unix/pkgs/tdbc1.0.4 -ltdbcstub1.0.4'
PKG_LIB_FILE=''
PKG_STUB_LIB_FILE=''
PKG_STUB_OBJECTS=''
PKG_STUB_SOURCES=''
PKG_TCL_SOURCES=' library/tdbcsqlite3.tcl'
SHELL='/bin/sh'
TCLSH_PROG='/home/lach/Sama/tcl/tcl8.6.6/unix/tclsh'
TCL_BIN_DIR='/home/lach/Sama/tcl/tcl8.6.6/unix'
TCL_DEFS='-DPACKAGE_NAME=\"tcl\" -DPACKAGE_TARNAME=\"tcl\" -DPACKAGE_VERSION=\"8.6\" -DPACKAGE_STRING=\"tcl\ 8.6\" -DPACKAGE_BUGREPORT=\"\" -DSTDC_HEADERS=1 -DHAVE_SYS_TYPES_H=1 -DHAVE_SYS_STAT_H=1 -DHAVE_STDLIB_H=1 -DHAVE_STRING_H=1 -DHAVE_MEMORY_H=1 -DHAVE_STRINGS_H=1 -DHAVE_INTTYPES_H=1 -DHAVE_STDINT_H=1 -DHAVE_UNISTD_H=1 -DHAVE_SYS_PARAM_H=1 -DUSE_THREAD_ALLOC=1 -D_REENTRANT=1 -D_THREAD_SAFE=1 -DHAVE_PTHREAD_ATTR_SETSTACKSIZE=1 -DHAVE_PTHREAD_ATFORK=1 -DTCL_THREADS=1 -DTCL_CFGVAL_ENCODING=\"iso8859-1\" -DHAVE_ZLIB=1 -DMODULE_SCOPE=extern\ __attribute__\(\(__visibility__\(\"hidden\"\)\)\) -DHAVE_HIDDEN=1 -DHAVE_CAST_TO_UNION=1 -DTCL_SHLIB_EXT=\".so\" -DNDEBUG=1 -DTCL_CFG_OPTIMIZED=1 -DTCL_TOMMATH=1 -DMP_PREC=4 -D_LARGEFILE64_SOURCE=1 -DTCL_WIDE_INT_TYPE=long\ long -DHAVE_STRUCT_DIRENT64=1 -DHAVE_STRUCT_STAT64=1 -DHAVE_OPEN64=1 -DHAVE_LSEEK64=1 -DHAVE_TYPE_OFF64_T=1 -DHAVE_GETCWD=1 -DHAVE_MKSTEMP=1 -DHAVE_OPENDIR=1 -DHAVE_STRTOL=1 -DHAVE_WAITPID=1 -DHAVE_GETNAMEINFO=1 -DHAVE_GETADDRINFO=1 -DHAVE_FREEADDRINFO=1 -DHAVE_GAI_STRERROR=1 -DHAVE_STRUCT_ADDRINFO=1 -DHAVE_STRUCT_IN6_ADDR=1 -DHAVE_STRUCT_SOCKADDR_IN6=1 -DHAVE_STRUCT_SOCKADDR_STORAGE=1 -DHAVE_GETPWUID_R_5=1 -DHAVE_GETPWUID_R=1 -DHAVE_GETPWNAM_R_5=1 -DHAVE_GETPWNAM_R=1 -DHAVE_GETGRGID_R_5=1 -DHAVE_GETGRGID_R=1 -DHAVE_GETGRNAM_R_5=1 -DHAVE_GETGRNAM_R=1 -DHAVE_GETHOSTBYNAME_R_6=1 -DHAVE_GETHOSTBYNAME_R=1 -DHAVE_GETHOSTBYADDR_R_8=1 -DHAVE_GETHOSTBYADDR_R=1 -DHAVE_TERMIOS_H=1 -DHAVE_SYS_IOCTL_H=1 -DHAVE_SYS_TIME_H=1 -DTIME_WITH_SYS_TIME=1 -DHAVE_GMTIME_R=1 -DHAVE_LOCALTIME_R=1 -DHAVE_MKTIME=1 -DHAVE_TM_GMTOFF=1 -DHAVE_TIMEZONE_VAR=1 -DHAVE_STRUCT_STAT_ST_BLOCKS=1 -DHAVE_STRUCT_STAT_ST_BLKSIZE=1 -DHAVE_BLKCNT_T=1 -DHAVE_INTPTR_T=1 -DHAVE_UINTPTR_T=1 -DHAVE_SIGNED_CHAR=1 -DHAVE_LANGINFO=1 -DHAVE_MKSTEMPS=1 -DHAVE_SYS_IOCTL_H=1 -DTCL_UNLOAD_DLLS=1 -DHAVE_CPUID=1 '
TCL_EXTRA_CFLAGS=' -pipe '
TCL_LD_FLAGS=' -Wl,--export-dynamic '
TCL_LIBS='-ldl -lz  -lpthread -lieee -lm'
TCL_LIB_FILE='libtcl8.6.so'
TCL_LIB_FLAG='-ltcl8.6'
TCL_LIB_SPEC='-L/home/lach/Sama/tcl/tcl8.6.6/unix -ltcl8.6'
TCL_MAJOR_VERSION='8'
TCL_MINOR_VERSION='6'
TCL_PATCH_LEVEL='.6'
TCL_SHLIB_LD_LIBS='${LIBS}'
TCL_SRC_DIR='/home/lach/Sama/tcl/tcl8.6.6'
TCL_STUB_LIB_FILE='libtclstub8.6.a'
TCL_STUB_LIB_FLAG='-ltclstub8.6'
TCL_STUB_LIB_SPEC='-L/home/lach/Sama/tcl/tcl8.6.6/unix -ltclstub8.6'
TCL_VERSION='8.6'
TDBC_LIB_FILE='libtdbc1.0.4.so'
TDBC_VERSION='1.0.4'
ac_ct_CC='gcc'
bindir='${exec_prefix}/bin'
build_alias=''
datadir='${datarootdir}'
datarootdir='${prefix}/share'
docdir='${datarootdir}/doc/${PACKAGE_TARNAME}'
dvidir='${docdir}'
exec_prefix='/usr/local'
host_alias=''
htmldir='${docdir}'
includedir='${prefix}/include'
infodir='${datarootdir}/info'
libdir='/usr/local/lib'
libexecdir='${exec_prefix}/libexec'
localedir='${datarootdir}/locale'
localstatedir='${prefix}/var'
mandir='${datarootdir}/man'
oldincludedir='/usr/include'
pdfdir='${docdir}'
prefix='/usr/local'
program_transform_name='s,x,x,'
psdir='${docdir}'
sbindir='${exec_prefix}/sbin'
sharedstatedir='${prefix}/com'
sysconfdir='${prefix}/etc'
target_alias=''
tdbc_BIN_DIR='/home/lach/Sama/tcl/tcl8.6.6/unix/pkgs/tdbc1.0.4'
tdbc_LIB_FILE='libtdbc1.0.4.so'
tdbc_LIB_SPEC='-L/usr/local/lib/tdbc1.0.4 -ltdbc1.0.4'
tdbc_SRC_DIR='/home/lach/Sama/tcl/tcl8.6.6/pkgs/tdbc1.0.4'
tdbc_STUB_LIB_FILE='libtdbcstub1.0.4.a'
tdbc_STUB_LIB_PATH='/home/lach/Sama/tcl/tcl8.6.6/unix/pkgs/tdbc1.0.4/libtdbcstub1.0.4.a'
tdbc_STUB_LIB_SPEC='-L/home/lach/Sama/tcl/tcl8.6.6/unix/pkgs/tdbc1.0.4 -ltdbcstub1.0.4'
tdbc_VERSION='1.0.4'

## ----------- ##
## confdefs.h. ##
## ----------- ##

/* confdefs.h */
#define PACKAGE_NAME "tdbcsqlite3"
#define PACKAGE_TARNAME "tdbcsqlite3"
#define PACKAGE_VERSION "1.0.4"
#define PACKAGE_STRING "tdbcsqlite3 1.0.4"
#define PACKAGE_BUGREPORT ""
#define PACKAGE_URL ""
#define BUILD_tdbcsqlite3 /**/

configure: exit 0
