This file contains any messages produced by compilers while
running configure, to aid debugging if configure makes a mistake.

It was created by udp configure 1.0.11, which was
generated by GNU Autoconf 2.69.  Invocation command line was

  $ /home/lach/Sama/tcl/tcl8.6.6/pkgs/tcludp/configure --with-tcl=../.. --with-tclinclude=/home/lach/Sama/tcl/tcl8.6.6/generic --with-sqlite --with-tcludp --with-itcl --with-thread --libdir=/usr/local/lib --enable-shared --enable-threads

## --------- ##
## Platform. ##
## --------- ##

hostname = artur
uname -m = i686
uname -r = 3.2.0-4-686-pae
uname -s = Linux
uname -v = #1 SMP Debian 3.2.54-2

/usr/bin/uname -p = unknown
/bin/uname -X     = unknown

/bin/arch              = unknown
/usr/bin/arch -k       = unknown
/usr/convex/getsysinfo = unknown
/usr/bin/hostinfo      = unknown
/bin/machine           = unknown
/usr/bin/oslevel       = unknown
/bin/universe          = unknown

PATH: /usr/local/bin
PATH: /usr/bin
PATH: /bin
PATH: /usr/local/games
PATH: /usr/games
PATH: ./
PATH: /dsk2/Sabre/fsl-release-bsp/out/tmp/sysroots/i686-linux/usr/bin/arm-poky-linux-gnueabi
PATH: /dsk2/Sabre/fsl-release-bsp/sources/poky/scripts
PATH: /dsk2/Sabre/fsl-release-bsp/sources/poky/bitbake/bin
PATH: /home/lach/bin
PATH: /root/CodeSourcery/Sourcery_G++_Lite/bin
PATH: /home/lach/Sama/buildroot-at91-master/output/host/usr/bin
PATH: /sbin
PATH: /usr/sbin
PATH: /usr/local/powerpc-eabi/bin
PATH: /usr/cross/powerpc-eabi-4.3.3/bin
PATH: /usr/cross/powerpc-elf/bin
PATH: /usr/local/arm-none-eabi/bin
PATH: /dsk2/Brillo/bdk/prebuilts/gcc/linux-x86/host/x86_64-linux-glibc2.15-4.8/bin


## ----------- ##
## Core tests. ##
## ----------- ##

configure:2181: checking for correct TEA configuration
configure:2194: result: ok (TEA 3.9)
configure:2277: configuring udp 1.0.11
configure:2346: checking for Tcl configuration
configure:2471: result: found /home/lach/Sama/tcl/tcl8.6.6/unix/tclConfig.sh
configure:2524: checking for gcc
configure:2540: found /usr/bin/gcc
configure:2551: result: gcc
configure:2780: checking for C compiler version
configure:2789: gcc --version >&5
gcc (Debian 4.7.2-5) 4.7.2
Copyright (C) 2012 Free Software Foundation, Inc.
This is free software; see the source for copying conditions.  There is NO
warranty; not even for MERCHANTABILITY or FITNESS FOR A PARTICULAR PURPOSE.

configure:2800: $? = 0
configure:2789: gcc -v >&5
Using built-in specs.
COLLECT_GCC=gcc
COLLECT_LTO_WRAPPER=/usr/lib/gcc/i486-linux-gnu/4.7/lto-wrapper
Target: i486-linux-gnu
Configured with: ../src/configure -v --with-pkgversion='Debian 4.7.2-5' --with-bugurl=file:///usr/share/doc/gcc-4.7/README.Bugs --enable-languages=c,c++,go,fortran,objc,obj-c++ --prefix=/usr --program-suffix=-4.7 --enable-shared --enable-linker-build-id --with-system-zlib --libexecdir=/usr/lib --without-included-gettext --enable-threads=posix --with-gxx-include-dir=/usr/include/c++/4.7 --libdir=/usr/lib --enable-nls --with-sysroot=/ --enable-clocale=gnu --enable-libstdcxx-debug --enable-libstdcxx-time=yes --enable-gnu-unique-object --enable-plugin --enable-objc-gc --enable-targets=all --with-arch-32=i586 --with-tune=generic --enable-checking=release --build=i486-linux-gnu --host=i486-linux-gnu --target=i486-linux-gnu
Thread model: posix
gcc version 4.7.2 (Debian 4.7.2-5) 
configure:2800: $? = 0
configure:2789: gcc -V >&5
gcc: error: unrecognized command line option '-V'
gcc: fatal error: no input files
compilation terminated.
configure:2800: $? = 4
configure:2789: gcc -qversion >&5
gcc: error: unrecognized command line option '-qversion'
gcc: fatal error: no input files
compilation terminated.
configure:2800: $? = 4
configure:2820: checking whether the C compiler works
configure:2842: gcc    conftest.c  >&5
configure:2846: $? = 0
configure:2894: result: yes
configure:2897: checking for C compiler default output file name
configure:2899: result: a.out
configure:2905: checking for suffix of executables
configure:2912: gcc -o conftest    conftest.c  >&5
configure:2916: $? = 0
configure:2938: result: 
configure:2960: checking whether we are cross compiling
configure:2968: gcc -o conftest    conftest.c  >&5
configure:2972: $? = 0
configure:2979: ./conftest
configure:2983: $? = 0
configure:2998: result: no
configure:3003: checking for suffix of object files
configure:3025: gcc -c   conftest.c >&5
configure:3029: $? = 0
configure:3050: result: o
configure:3054: checking whether we are using the GNU C compiler
configure:3073: gcc -c   conftest.c >&5
configure:3073: $? = 0
configure:3082: result: yes
configure:3091: checking whether gcc accepts -g
configure:3111: gcc -c -g  conftest.c >&5
configure:3111: $? = 0
configure:3152: result: yes
configure:3169: checking for gcc option to accept ISO C89
configure:3232: gcc  -c   conftest.c >&5
configure:3232: $? = 0
configure:3245: result: none needed
configure:3267: checking for existence of /home/lach/Sama/tcl/tcl8.6.6/unix/tclConfig.sh
configure:3271: result: loading
configure:3335: checking platform
configure:3353: gcc -c   conftest.c >&5
configure:3353: $? = 0
configure:3361: result: unix
configure:3389: --prefix defaulting to TCL_PREFIX /usr/local
configure:3401: --exec-prefix defaulting to TCL_EXEC_PREFIX /usr/local
configure:3463: checking for gcc
configure:3490: result: gcc
configure:3719: checking for C compiler version
configure:3728: gcc --version >&5
gcc (Debian 4.7.2-5) 4.7.2
Copyright (C) 2012 Free Software Foundation, Inc.
This is free software; see the source for copying conditions.  There is NO
warranty; not even for MERCHANTABILITY or FITNESS FOR A PARTICULAR PURPOSE.

configure:3739: $? = 0
configure:3728: gcc -v >&5
Using built-in specs.
COLLECT_GCC=gcc
COLLECT_LTO_WRAPPER=/usr/lib/gcc/i486-linux-gnu/4.7/lto-wrapper
Target: i486-linux-gnu
Configured with: ../src/configure -v --with-pkgversion='Debian 4.7.2-5' --with-bugurl=file:///usr/share/doc/gcc-4.7/README.Bugs --enable-languages=c,c++,go,fortran,objc,obj-c++ --prefix=/usr --program-suffix=-4.7 --enable-shared --enable-linker-build-id --with-system-zlib --libexecdir=/usr/lib --without-included-gettext --enable-threads=posix --with-gxx-include-dir=/usr/include/c++/4.7 --libdir=/usr/lib --enable-nls --with-sysroot=/ --enable-clocale=gnu --enable-libstdcxx-debug --enable-libstdcxx-time=yes --enable-gnu-unique-object --enable-plugin --enable-objc-gc --enable-targets=all --with-arch-32=i586 --with-tune=generic --enable-checking=release --build=i486-linux-gnu --host=i486-linux-gnu --target=i486-linux-gnu
Thread model: posix
gcc version 4.7.2 (Debian 4.7.2-5) 
configure:3739: $? = 0
configure:3728: gcc -V >&5
gcc: error: unrecognized command line option '-V'
gcc: fatal error: no input files
compilation terminated.
configure:3739: $? = 4
configure:3728: gcc -qversion >&5
gcc: error: unrecognized command line option '-qversion'
gcc: fatal error: no input files
compilation terminated.
configure:3739: $? = 4
configure:3743: checking whether we are using the GNU C compiler
configure:3771: result: yes
configure:3780: checking whether gcc accepts -g
configure:3841: result: yes
configure:3858: checking for gcc option to accept ISO C89
configure:3934: result: none needed
configure:3959: checking how to run the C preprocessor
configure:3990: gcc -E  conftest.c
configure:3990: $? = 0
configure:4004: gcc -E  conftest.c
conftest.c:10:28: fatal error: ac_nonexistent.h: No such file or directory
compilation terminated.
configure:4004: $? = 1
configure: failed program was:
| /* confdefs.h */
| #define PACKAGE_NAME "udp"
| #define PACKAGE_TARNAME "udp"
| #define PACKAGE_VERSION "1.0.11"
| #define PACKAGE_STRING "udp 1.0.11"
| #define PACKAGE_BUGREPORT ""
| #define PACKAGE_URL ""
| #define BUILD_udp /**/
| /* end confdefs.h.  */
| #include <ac_nonexistent.h>
configure:4029: result: gcc -E
configure:4049: gcc -E  conftest.c
configure:4049: $? = 0
configure:4063: gcc -E  conftest.c
conftest.c:10:28: fatal error: ac_nonexistent.h: No such file or directory
compilation terminated.
configure:4063: $? = 1
configure: failed program was:
| /* confdefs.h */
| #define PACKAGE_NAME "udp"
| #define PACKAGE_TARNAME "udp"
| #define PACKAGE_VERSION "1.0.11"
| #define PACKAGE_STRING "udp 1.0.11"
| #define PACKAGE_BUGREPORT ""
| #define PACKAGE_URL ""
| #define BUILD_udp /**/
| /* end confdefs.h.  */
| #include <ac_nonexistent.h>
configure:4105: checking whether make sets $(MAKE)
configure:4127: result: yes
configure:4184: checking for ranlib
configure:4200: found /usr/bin/ranlib
configure:4211: result: ranlib
configure:4242: checking for grep that handles long lines and -e
configure:4300: result: /bin/grep
configure:4305: checking for egrep
configure:4367: result: /bin/grep -E
configure:4372: checking for ANSI C header files
configure:4392: gcc -c   conftest.c >&5
configure:4392: $? = 0
configure:4465: gcc -o conftest    conftest.c  >&5
configure:4465: $? = 0
configure:4465: ./conftest
configure:4465: $? = 0
configure:4476: result: yes
configure:4489: checking for sys/types.h
configure:4489: gcc -c   conftest.c >&5
configure:4489: $? = 0
configure:4489: result: yes
configure:4489: checking for sys/stat.h
configure:4489: gcc -c   conftest.c >&5
configure:4489: $? = 0
configure:4489: result: yes
configure:4489: checking for stdlib.h
configure:4489: gcc -c   conftest.c >&5
configure:4489: $? = 0
configure:4489: result: yes
configure:4489: checking for string.h
configure:4489: gcc -c   conftest.c >&5
configure:4489: $? = 0
configure:4489: result: yes
configure:4489: checking for memory.h
configure:4489: gcc -c   conftest.c >&5
configure:4489: $? = 0
configure:4489: result: yes
configure:4489: checking for strings.h
configure:4489: gcc -c   conftest.c >&5
configure:4489: $? = 0
configure:4489: result: yes
configure:4489: checking for inttypes.h
configure:4489: gcc -c   conftest.c >&5
configure:4489: $? = 0
configure:4489: result: yes
configure:4489: checking for stdint.h
configure:4489: gcc -c   conftest.c >&5
configure:4489: $? = 0
configure:4489: result: yes
configure:4489: checking for unistd.h
configure:4489: gcc -c   conftest.c >&5
configure:4489: $? = 0
configure:4489: result: yes
configure:4511: checking if the compiler understands -pipe
configure:4529: gcc -c  -pipe  conftest.c >&5
configure:4529: $? = 0
configure:4537: result: yes
configure:4548: checking whether byte ordering is bigendian
configure:4563: gcc -c  -pipe  conftest.c >&5
conftest.c:21:9: error: unknown type name 'not'
conftest.c:21:15: error: expected '=', ',', ';', 'asm' or '__attribute__' before 'universal'
conftest.c:21:15: error: unknown type name 'universal'
configure:4563: $? = 1
configure: failed program was:
| /* confdefs.h */
| #define PACKAGE_NAME "udp"
| #define PACKAGE_TARNAME "udp"
| #define PACKAGE_VERSION "1.0.11"
| #define PACKAGE_STRING "udp 1.0.11"
| #define PACKAGE_BUGREPORT ""
| #define PACKAGE_URL ""
| #define BUILD_udp /**/
| #define STDC_HEADERS 1
| #define HAVE_SYS_TYPES_H 1
| #define HAVE_SYS_STAT_H 1
| #define HAVE_STDLIB_H 1
| #define HAVE_STRING_H 1
| #define HAVE_MEMORY_H 1
| #define HAVE_STRINGS_H 1
| #define HAVE_INTTYPES_H 1
| #define HAVE_STDINT_H 1
| #define HAVE_UNISTD_H 1
| /* end confdefs.h.  */
| #ifndef __APPLE_CC__
| 	       not a universal capable compiler
| 	     #endif
| 	     typedef int dummy;
| 
configure:4608: gcc -c  -pipe  conftest.c >&5
configure:4608: $? = 0
configure:4626: gcc -c  -pipe  conftest.c >&5
conftest.c: In function 'main':
conftest.c:27:4: error: unknown type name 'not'
conftest.c:27:12: error: expected '=', ',', ';', 'asm' or '__attribute__' before 'endian'
configure:4626: $? = 1
configure: failed program was:
| /* confdefs.h */
| #define PACKAGE_NAME "udp"
| #define PACKAGE_TARNAME "udp"
| #define PACKAGE_VERSION "1.0.11"
| #define PACKAGE_STRING "udp 1.0.11"
| #define PACKAGE_BUGREPORT ""
| #define PACKAGE_URL ""
| #define BUILD_udp /**/
| #define STDC_HEADERS 1
| #define HAVE_SYS_TYPES_H 1
| #define HAVE_SYS_STAT_H 1
| #define HAVE_STDLIB_H 1
| #define HAVE_STRING_H 1
| #define HAVE_MEMORY_H 1
| #define HAVE_STRINGS_H 1
| #define HAVE_INTTYPES_H 1
| #define HAVE_STDINT_H 1
| #define HAVE_UNISTD_H 1
| /* end confdefs.h.  */
| #include <sys/types.h>
| 		#include <sys/param.h>
| 
| int
| main ()
| {
| #if BYTE_ORDER != BIG_ENDIAN
| 		 not big endian
| 		#endif
| 
|   ;
|   return 0;
| }
configure:4754: result: no
configure:4781: checking for sin
configure:4781: gcc -o conftest  -pipe   conftest.c  >&5
conftest.c:43:6: warning: conflicting types for built-in function 'sin' [enabled by default]
/tmp/ccCNXiTY.o: In function `main':
conftest.c:(.text+0x7): undefined reference to `sin'
collect2: error: ld returned 1 exit status
configure:4781: $? = 1
configure: failed program was:
| /* confdefs.h */
| #define PACKAGE_NAME "udp"
| #define PACKAGE_TARNAME "udp"
| #define PACKAGE_VERSION "1.0.11"
| #define PACKAGE_STRING "udp 1.0.11"
| #define PACKAGE_BUGREPORT ""
| #define PACKAGE_URL ""
| #define BUILD_udp /**/
| #define STDC_HEADERS 1
| #define HAVE_SYS_TYPES_H 1
| #define HAVE_SYS_STAT_H 1
| #define HAVE_STDLIB_H 1
| #define HAVE_STRING_H 1
| #define HAVE_MEMORY_H 1
| #define HAVE_STRINGS_H 1
| #define HAVE_INTTYPES_H 1
| #define HAVE_STDINT_H 1
| #define HAVE_UNISTD_H 1
| /* end confdefs.h.  */
| /* Define sin to an innocuous variant, in case <limits.h> declares sin.
|    For example, HP-UX 11i <limits.h> declares gettimeofday.  */
| #define sin innocuous_sin
| 
| /* System header to define __stub macros and hopefully few prototypes,
|     which can conflict with char sin (); below.
|     Prefer <limits.h> to <assert.h> if __STDC__ is defined, since
|     <limits.h> exists even on freestanding compilers.  */
| 
| #ifdef __STDC__
| # include <limits.h>
| #else
| # include <assert.h>
| #endif
| 
| #undef sin
| 
| /* Override any GCC internal prototype to avoid an error.
|    Use char because int might match the return type of a GCC
|    builtin and then its argument prototype would still apply.  */
| #ifdef __cplusplus
| extern "C"
| #endif
| char sin ();
| /* The GNU C library defines this for functions which it implements
|     to always fail with ENOSYS.  Some functions are actually named
|     something starting with __ and the normal name is an alias.  */
| #if defined __stub_sin || defined __stub___sin
| choke me
| #endif
| 
| int
| main ()
| {
| return sin ();
|   ;
|   return 0;
| }
configure:4781: result: no
configure:4788: checking for main in -lieee
configure:4807: gcc -o conftest  -pipe   conftest.c -lieee   >&5
configure:4807: $? = 0
configure:4816: result: yes
configure:4828: checking for main in -linet
configure:4847: gcc -o conftest  -pipe   conftest.c -linet   >&5
/usr/bin/ld: cannot find -linet
collect2: error: ld returned 1 exit status
configure:4847: $? = 1
configure: failed program was:
| /* confdefs.h */
| #define PACKAGE_NAME "udp"
| #define PACKAGE_TARNAME "udp"
| #define PACKAGE_VERSION "1.0.11"
| #define PACKAGE_STRING "udp 1.0.11"
| #define PACKAGE_BUGREPORT ""
| #define PACKAGE_URL ""
| #define BUILD_udp /**/
| #define STDC_HEADERS 1
| #define HAVE_SYS_TYPES_H 1
| #define HAVE_SYS_STAT_H 1
| #define HAVE_STDLIB_H 1
| #define HAVE_STRING_H 1
| #define HAVE_MEMORY_H 1
| #define HAVE_STRINGS_H 1
| #define HAVE_INTTYPES_H 1
| #define HAVE_STDINT_H 1
| #define HAVE_UNISTD_H 1
| /* end confdefs.h.  */
| 
| 
| int
| main ()
| {
| return main ();
|   ;
|   return 0;
| }
configure:4856: result: no
configure:4862: checking net/errno.h usability
configure:4862: gcc -c  -pipe  conftest.c >&5
conftest.c:53:23: fatal error: net/errno.h: No such file or directory
compilation terminated.
configure:4862: $? = 1
configure: failed program was:
| /* confdefs.h */
| #define PACKAGE_NAME "udp"
| #define PACKAGE_TARNAME "udp"
| #define PACKAGE_VERSION "1.0.11"
| #define PACKAGE_STRING "udp 1.0.11"
| #define PACKAGE_BUGREPORT ""
| #define PACKAGE_URL ""
| #define BUILD_udp /**/
| #define STDC_HEADERS 1
| #define HAVE_SYS_TYPES_H 1
| #define HAVE_SYS_STAT_H 1
| #define HAVE_STDLIB_H 1
| #define HAVE_STRING_H 1
| #define HAVE_MEMORY_H 1
| #define HAVE_STRINGS_H 1
| #define HAVE_INTTYPES_H 1
| #define HAVE_STDINT_H 1
| #define HAVE_UNISTD_H 1
| /* end confdefs.h.  */
| #include <stdio.h>
| #ifdef HAVE_SYS_TYPES_H
| # include <sys/types.h>
| #endif
| #ifdef HAVE_SYS_STAT_H
| # include <sys/stat.h>
| #endif
| #ifdef STDC_HEADERS
| # include <stdlib.h>
| # include <stddef.h>
| #else
| # ifdef HAVE_STDLIB_H
| #  include <stdlib.h>
| # endif
| #endif
| #ifdef HAVE_STRING_H
| # if !defined STDC_HEADERS && defined HAVE_MEMORY_H
| #  include <memory.h>
| # endif
| # include <string.h>
| #endif
| #ifdef HAVE_STRINGS_H
| # include <strings.h>
| #endif
| #ifdef HAVE_INTTYPES_H
| # include <inttypes.h>
| #endif
| #ifdef HAVE_STDINT_H
| # include <stdint.h>
| #endif
| #ifdef HAVE_UNISTD_H
| # include <unistd.h>
| #endif
| #include <net/errno.h>
configure:4862: result: no
configure:4862: checking net/errno.h presence
configure:4862: gcc -E  conftest.c
conftest.c:20:23: fatal error: net/errno.h: No such file or directory
compilation terminated.
configure:4862: $? = 1
configure: failed program was:
| /* confdefs.h */
| #define PACKAGE_NAME "udp"
| #define PACKAGE_TARNAME "udp"
| #define PACKAGE_VERSION "1.0.11"
| #define PACKAGE_STRING "udp 1.0.11"
| #define PACKAGE_BUGREPORT ""
| #define PACKAGE_URL ""
| #define BUILD_udp /**/
| #define STDC_HEADERS 1
| #define HAVE_SYS_TYPES_H 1
| #define HAVE_SYS_STAT_H 1
| #define HAVE_STDLIB_H 1
| #define HAVE_STRING_H 1
| #define HAVE_MEMORY_H 1
| #define HAVE_STRINGS_H 1
| #define HAVE_INTTYPES_H 1
| #define HAVE_STDINT_H 1
| #define HAVE_UNISTD_H 1
| /* end confdefs.h.  */
| #include <net/errno.h>
configure:4862: result: no
configure:4862: checking for net/errno.h
configure:4862: result: no
configure:4891: checking for connect
configure:4891: gcc -o conftest  -pipe   conftest.c  >&5
configure:4891: $? = 0
configure:4891: result: yes
configure:4959: checking for gethostbyname
configure:4959: gcc -o conftest  -pipe   conftest.c  >&5
configure:4959: $? = 0
configure:4959: result: yes
configure:5014: checking dirent.h
configure:5050: gcc -o conftest  -pipe   conftest.c  >&5
configure:5050: $? = 0
configure:5058: result: yes
configure:5068: checking errno.h usability
configure:5068: gcc -c  -pipe  conftest.c >&5
configure:5068: $? = 0
configure:5068: result: yes
configure:5068: checking errno.h presence
configure:5068: gcc -E  conftest.c
configure:5068: $? = 0
configure:5068: result: yes
configure:5068: checking for errno.h
configure:5068: result: yes
configure:5078: checking float.h usability
configure:5078: gcc -c  -pipe  conftest.c >&5
configure:5078: $? = 0
configure:5078: result: yes
configure:5078: checking float.h presence
configure:5078: gcc -E  conftest.c
configure:5078: $? = 0
configure:5078: result: yes
configure:5078: checking for float.h
configure:5078: result: yes
configure:5088: checking values.h usability
configure:5088: gcc -c  -pipe  conftest.c >&5
configure:5088: $? = 0
configure:5088: result: yes
configure:5088: checking values.h presence
configure:5088: gcc -E  conftest.c
configure:5088: $? = 0
configure:5088: result: yes
configure:5088: checking for values.h
configure:5088: result: yes
configure:5098: checking limits.h usability
configure:5098: gcc -c  -pipe  conftest.c >&5
configure:5098: $? = 0
configure:5098: result: yes
configure:5098: checking limits.h presence
configure:5098: gcc -E  conftest.c
configure:5098: $? = 0
configure:5098: result: yes
configure:5098: checking for limits.h
configure:5098: result: yes
configure:5110: checking for stdlib.h
configure:5110: result: yes
configure:5162: checking for string.h
configure:5162: result: yes
configure:5206: checking sys/wait.h usability
configure:5206: gcc -c  -pipe  conftest.c >&5
configure:5206: $? = 0
configure:5206: result: yes
configure:5206: checking sys/wait.h presence
configure:5206: gcc -E  conftest.c
configure:5206: $? = 0
configure:5206: result: yes
configure:5206: checking for sys/wait.h
configure:5206: result: yes
configure:5216: checking dlfcn.h usability
configure:5216: gcc -c  -pipe  conftest.c >&5
configure:5216: $? = 0
configure:5216: result: yes
configure:5216: checking dlfcn.h presence
configure:5216: gcc -E  conftest.c
configure:5216: $? = 0
configure:5216: result: yes
configure:5216: checking for dlfcn.h
configure:5216: result: yes
configure:5230: checking sys/param.h usability
configure:5230: gcc -c  -pipe  conftest.c >&5
configure:5230: $? = 0
configure:5230: result: yes
configure:5230: checking sys/param.h presence
configure:5230: gcc -E  conftest.c
configure:5230: $? = 0
configure:5230: result: yes
configure:5230: checking for sys/param.h
configure:5230: result: yes
configure:5256: checking sys/ioctl.h usability
configure:5256: gcc -c  -pipe  conftest.c >&5
configure:5256: $? = 0
configure:5256: result: yes
configure:5256: checking sys/ioctl.h presence
configure:5256: gcc -E  conftest.c
configure:5256: $? = 0
configure:5256: result: yes
configure:5256: checking for sys/ioctl.h
configure:5256: result: yes
configure:5268: checking sys/filio.h usability
configure:5268: gcc -c  -pipe  conftest.c >&5
conftest.c:56:23: fatal error: sys/filio.h: No such file or directory
compilation terminated.
configure:5268: $? = 1
configure: failed program was:
| /* confdefs.h */
| #define PACKAGE_NAME "udp"
| #define PACKAGE_TARNAME "udp"
| #define PACKAGE_VERSION "1.0.11"
| #define PACKAGE_STRING "udp 1.0.11"
| #define PACKAGE_BUGREPORT ""
| #define PACKAGE_URL ""
| #define BUILD_udp /**/
| #define STDC_HEADERS 1
| #define HAVE_SYS_TYPES_H 1
| #define HAVE_SYS_STAT_H 1
| #define HAVE_STDLIB_H 1
| #define HAVE_STRING_H 1
| #define HAVE_MEMORY_H 1
| #define HAVE_STRINGS_H 1
| #define HAVE_INTTYPES_H 1
| #define HAVE_STDINT_H 1
| #define HAVE_UNISTD_H 1
| #define HAVE_LIMITS_H 1
| #define HAVE_SYS_PARAM_H 1
| #define HAVE_SYS_IOCTL_H 1
| /* end confdefs.h.  */
| #include <stdio.h>
| #ifdef HAVE_SYS_TYPES_H
| # include <sys/types.h>
| #endif
| #ifdef HAVE_SYS_STAT_H
| # include <sys/stat.h>
| #endif
| #ifdef STDC_HEADERS
| # include <stdlib.h>
| # include <stddef.h>
| #else
| # ifdef HAVE_STDLIB_H
| #  include <stdlib.h>
| # endif
| #endif
| #ifdef HAVE_STRING_H
| # if !defined STDC_HEADERS && defined HAVE_MEMORY_H
| #  include <memory.h>
| # endif
| # include <string.h>
| #endif
| #ifdef HAVE_STRINGS_H
| # include <strings.h>
| #endif
| #ifdef HAVE_INTTYPES_H
| # include <inttypes.h>
| #endif
| #ifdef HAVE_STDINT_H
| # include <stdint.h>
| #endif
| #ifdef HAVE_UNISTD_H
| # include <unistd.h>
| #endif
| #include <sys/filio.h>
configure:5268: result: no
configure:5268: checking sys/filio.h presence
configure:5268: gcc -E  conftest.c
conftest.c:23:23: fatal error: sys/filio.h: No such file or directory
compilation terminated.
configure:5268: $? = 1
configure: failed program was:
| /* confdefs.h */
| #define PACKAGE_NAME "udp"
| #define PACKAGE_TARNAME "udp"
| #define PACKAGE_VERSION "1.0.11"
| #define PACKAGE_STRING "udp 1.0.11"
| #define PACKAGE_BUGREPORT ""
| #define PACKAGE_URL ""
| #define BUILD_udp /**/
| #define STDC_HEADERS 1
| #define HAVE_SYS_TYPES_H 1
| #define HAVE_SYS_STAT_H 1
| #define HAVE_STDLIB_H 1
| #define HAVE_STRING_H 1
| #define HAVE_MEMORY_H 1
| #define HAVE_STRINGS_H 1
| #define HAVE_INTTYPES_H 1
| #define HAVE_STDINT_H 1
| #define HAVE_UNISTD_H 1
| #define HAVE_LIMITS_H 1
| #define HAVE_SYS_PARAM_H 1
| #define HAVE_SYS_IOCTL_H 1
| /* end confdefs.h.  */
| #include <sys/filio.h>
configure:5268: result: no
configure:5268: checking for sys/filio.h
configure:5268: result: no
configure:5279: checking system version
configure:5302: result: Linux-3.2.0-4-686-pae
configure:5306: checking FIONBIO vs. O_NONBLOCK for nonblocking I/O
configure:5317: result: O_NONBLOCK
configure:5481: checking for Tcl public headers
configure:5552: result: /home/lach/Sama/tcl/tcl8.6.6/generic
configure:5608: checking for pthread_mutex_init in -lpthread
configure:5633: gcc -o conftest  -pipe   conftest.c -lpthread   >&5
configure:5633: $? = 0
configure:5642: result: yes
configure:5851: checking for building with threads
configure:5857: result: yes (default)
configure:5898: checking how to build libraries
configure:5916: result: shared
configure:5979: checking for ranlib
configure:6006: result: ranlib
configure:6033: checking if 64bit support is requested
configure:6042: result: no
configure:6047: checking if 64bit Sparc VIS support is requested
configure:6056: result: no
configure:6066: checking if compiler supports visibility "hidden"
configure:6086: gcc -o conftest  -pipe -Werror   conftest.c  >&5
configure:6086: $? = 0
configure:6095: result: yes
configure:6110: checking if rpath support is requested
configure:6119: result: yes
configure:6144: checking system version
configure:6167: result: Linux-3.2.0-4-686-pae
configure:6247: checking for ar
configure:6263: found /usr/bin/ar
configure:6274: result: ar
configure:8025: checking for cast to union support
configure:8044: gcc -c  -pipe  conftest.c >&5
configure:8044: $? = 0
configure:8052: result: yes
configure:8075: checking for required early compiler flags
configure:8093: gcc -c  -pipe  conftest.c >&5
configure:8093: $? = 0
configure:8140: gcc -c  -pipe  conftest.c >&5
conftest.c: In function 'main':
conftest.c:34:15: error: storage size of 'buf' isn't known
configure:8140: $? = 1
configure: failed program was:
| /* confdefs.h */
| #define PACKAGE_NAME "udp"
| #define PACKAGE_TARNAME "udp"
| #define PACKAGE_VERSION "1.0.11"
| #define PACKAGE_STRING "udp 1.0.11"
| #define PACKAGE_BUGREPORT ""
| #define PACKAGE_URL ""
| #define BUILD_udp /**/
| #define STDC_HEADERS 1
| #define HAVE_SYS_TYPES_H 1
| #define HAVE_SYS_STAT_H 1
| #define HAVE_STDLIB_H 1
| #define HAVE_STRING_H 1
| #define HAVE_MEMORY_H 1
| #define HAVE_STRINGS_H 1
| #define HAVE_INTTYPES_H 1
| #define HAVE_STDINT_H 1
| #define HAVE_UNISTD_H 1
| #define HAVE_LIMITS_H 1
| #define HAVE_SYS_PARAM_H 1
| #define HAVE_SYS_IOCTL_H 1
| #define USE_THREAD_ALLOC 1
| #define _REENTRANT 1
| #define _THREAD_SAFE 1
| #define TCL_THREADS 1
| #define MODULE_SCOPE extern __attribute__((__visibility__("hidden")))
| #define HAVE_HIDDEN 1
| #define HAVE_CAST_TO_UNION 1
| /* end confdefs.h.  */
| #include <sys/stat.h>
| int
| main ()
| {
| struct stat64 buf; int i = stat64("/", &buf);
|   ;
|   return 0;
| }
configure:8155: gcc -c  -pipe  conftest.c >&5
configure:8155: $? = 0
configure:8187: gcc -c  -pipe  conftest.c >&5
conftest.c: In function 'main':
conftest.c:35:19: error: 'open64' undeclared (first use in this function)
conftest.c:35:19: note: each undeclared identifier is reported only once for each function it appears in
configure:8187: $? = 1
configure: failed program was:
| /* confdefs.h */
| #define PACKAGE_NAME "udp"
| #define PACKAGE_TARNAME "udp"
| #define PACKAGE_VERSION "1.0.11"
| #define PACKAGE_STRING "udp 1.0.11"
| #define PACKAGE_BUGREPORT ""
| #define PACKAGE_URL ""
| #define BUILD_udp /**/
| #define STDC_HEADERS 1
| #define HAVE_SYS_TYPES_H 1
| #define HAVE_SYS_STAT_H 1
| #define HAVE_STDLIB_H 1
| #define HAVE_STRING_H 1
| #define HAVE_MEMORY_H 1
| #define HAVE_STRINGS_H 1
| #define HAVE_INTTYPES_H 1
| #define HAVE_STDINT_H 1
| #define HAVE_UNISTD_H 1
| #define HAVE_LIMITS_H 1
| #define HAVE_SYS_PARAM_H 1
| #define HAVE_SYS_IOCTL_H 1
| #define USE_THREAD_ALLOC 1
| #define _REENTRANT 1
| #define _THREAD_SAFE 1
| #define TCL_THREADS 1
| #define MODULE_SCOPE extern __attribute__((__visibility__("hidden")))
| #define HAVE_HIDDEN 1
| #define HAVE_CAST_TO_UNION 1
| #define _LARGEFILE64_SOURCE 1
| /* end confdefs.h.  */
| #include <sys/stat.h>
| int
| main ()
| {
| char *p = (char *)open64;
|   ;
|   return 0;
| }
configure:8202: gcc -c  -pipe  conftest.c >&5
conftest.c: In function 'main':
conftest.c:36:19: error: 'open64' undeclared (first use in this function)
conftest.c:36:19: note: each undeclared identifier is reported only once for each function it appears in
configure:8202: $? = 1
configure: failed program was:
| /* confdefs.h */
| #define PACKAGE_NAME "udp"
| #define PACKAGE_TARNAME "udp"
| #define PACKAGE_VERSION "1.0.11"
| #define PACKAGE_STRING "udp 1.0.11"
| #define PACKAGE_BUGREPORT ""
| #define PACKAGE_URL ""
| #define BUILD_udp /**/
| #define STDC_HEADERS 1
| #define HAVE_SYS_TYPES_H 1
| #define HAVE_SYS_STAT_H 1
| #define HAVE_STDLIB_H 1
| #define HAVE_STRING_H 1
| #define HAVE_MEMORY_H 1
| #define HAVE_STRINGS_H 1
| #define HAVE_INTTYPES_H 1
| #define HAVE_STDINT_H 1
| #define HAVE_UNISTD_H 1
| #define HAVE_LIMITS_H 1
| #define HAVE_SYS_PARAM_H 1
| #define HAVE_SYS_IOCTL_H 1
| #define USE_THREAD_ALLOC 1
| #define _REENTRANT 1
| #define _THREAD_SAFE 1
| #define TCL_THREADS 1
| #define MODULE_SCOPE extern __attribute__((__visibility__("hidden")))
| #define HAVE_HIDDEN 1
| #define HAVE_CAST_TO_UNION 1
| #define _LARGEFILE64_SOURCE 1
| /* end confdefs.h.  */
| #define _LARGEFILE_SOURCE64 1
| #include <sys/stat.h>
| int
| main ()
| {
| char *p = (char *)open64;
|   ;
|   return 0;
| }
configure:8223: result:  _LARGEFILE64_SOURCE
configure:8228: checking for 64-bit integer type
configure:8247: gcc -c  -pipe  conftest.c >&5
conftest.c: In function 'main':
conftest.c:35:1: error: unknown type name '__int64'
conftest.c:35:18: error: '__int64' undeclared (first use in this function)
conftest.c:35:18: note: each undeclared identifier is reported only once for each function it appears in
conftest.c:35:27: error: expected ',' or ';' before numeric constant
configure:8247: $? = 1
configure: failed program was:
| /* confdefs.h */
| #define PACKAGE_NAME "udp"
| #define PACKAGE_TARNAME "udp"
| #define PACKAGE_VERSION "1.0.11"
| #define PACKAGE_STRING "udp 1.0.11"
| #define PACKAGE_BUGREPORT ""
| #define PACKAGE_URL ""
| #define BUILD_udp /**/
| #define STDC_HEADERS 1
| #define HAVE_SYS_TYPES_H 1
| #define HAVE_SYS_STAT_H 1
| #define HAVE_STDLIB_H 1
| #define HAVE_STRING_H 1
| #define HAVE_MEMORY_H 1
| #define HAVE_STRINGS_H 1
| #define HAVE_INTTYPES_H 1
| #define HAVE_STDINT_H 1
| #define HAVE_UNISTD_H 1
| #define HAVE_LIMITS_H 1
| #define HAVE_SYS_PARAM_H 1
| #define HAVE_SYS_IOCTL_H 1
| #define USE_THREAD_ALLOC 1
| #define _REENTRANT 1
| #define _THREAD_SAFE 1
| #define TCL_THREADS 1
| #define MODULE_SCOPE extern __attribute__((__visibility__("hidden")))
| #define HAVE_HIDDEN 1
| #define HAVE_CAST_TO_UNION 1
| #define _LARGEFILE64_SOURCE 1
| /* end confdefs.h.  */
| 
| int
| main ()
| {
| __int64 value = (__int64) 0;
|   ;
|   return 0;
| }
configure:8269: gcc -c  -pipe  conftest.c >&5
configure:8269: $? = 0
configure:8293: result: long long
configure:8297: checking for struct dirent64
configure:8315: gcc -c  -pipe  conftest.c >&5
configure:8315: $? = 0
configure:8322: result: yes
configure:8330: checking for struct stat64
configure:8348: gcc -c  -pipe  conftest.c >&5
configure:8348: $? = 0
configure:8355: result: yes
configure:8366: checking for open64
configure:8366: gcc -o conftest  -pipe   -Wl,--export-dynamic  conftest.c  >&5
configure:8366: $? = 0
configure:8366: result: yes
configure:8366: checking for lseek64
configure:8366: gcc -o conftest  -pipe   -Wl,--export-dynamic  conftest.c  >&5
configure:8366: $? = 0
configure:8366: result: yes
configure:8375: checking for off64_t
configure:8393: gcc -c  -pipe  conftest.c >&5
configure:8393: $? = 0
configure:8407: result: yes
configure:8423: checking for build with symbols
configure:8436: result: no
configure:8489: checking fcntl.h usability
configure:8489: gcc -c  -pipe  conftest.c >&5
configure:8489: $? = 0
configure:8489: result: yes
configure:8489: checking fcntl.h presence
configure:8489: gcc -E  conftest.c
configure:8489: $? = 0
configure:8489: result: yes
configure:8489: checking for fcntl.h
configure:8489: result: yes
configure:8499: checking for usable FD_CLOEXEC flag
configure:8522: gcc -c  -pipe  conftest.c >&5
configure:8522: $? = 0
configure:8529: result: yes
configure:8538: checking for strerror in -lc
configure:8563: gcc -o conftest  -pipe   -Wl,--export-dynamic  conftest.c -lc   >&5
configure:8563: $? = 0
configure:8572: result: yes
configure:8708: checking for tclsh
configure:8735: result: /home/lach/Sama/tcl/tcl8.6.6/unix/tclsh
configure:8791: checking for dtplite
configure:8824: result: no
configure:9007: creating ./config.status

## ---------------------- ##
## Running config.status. ##
## ---------------------- ##

This file was extended by udp config.status 1.0.11, which was
generated by GNU Autoconf 2.69.  Invocation command line was

  CONFIG_FILES    = 
  CONFIG_HEADERS  = 
  CONFIG_LINKS    = 
  CONFIG_COMMANDS = 
  $ ./config.status 

on artur

config.status:800: creating Makefile
config.status:899: WARNING:  '/home/lach/Sama/tcl/tcl8.6.6/pkgs/tcludp/Makefile.in' seems to ignore the --datarootdir setting
config.status:800: creating pkgIndex.tcl
configure:10009: WARNING: unrecognized options: --with-sqlite, --with-tcludp, --with-itcl, --with-thread

## ---------------- ##
## Cache variables. ##
## ---------------- ##

ac_cv_c_bigendian=no
ac_cv_c_compiler_gnu=yes
ac_cv_c_tclconfig=/home/lach/Sama/tcl/tcl8.6.6/unix
ac_cv_c_tclh=/home/lach/Sama/tcl/tcl8.6.6/generic
ac_cv_env_CC_set=
ac_cv_env_CC_value=
ac_cv_env_CFLAGS_set=
ac_cv_env_CFLAGS_value=
ac_cv_env_CPPFLAGS_set=
ac_cv_env_CPPFLAGS_value=
ac_cv_env_CPP_set=
ac_cv_env_CPP_value=
ac_cv_env_LDFLAGS_set=
ac_cv_env_LDFLAGS_value=
ac_cv_env_LIBS_set=
ac_cv_env_LIBS_value=
ac_cv_env_build_alias_set=
ac_cv_env_build_alias_value=
ac_cv_env_host_alias_set=
ac_cv_env_host_alias_value=
ac_cv_env_target_alias_set=
ac_cv_env_target_alias_value=
ac_cv_func_connect=yes
ac_cv_func_gethostbyname=yes
ac_cv_func_lseek64=yes
ac_cv_func_open64=yes
ac_cv_func_sin=no
ac_cv_header_dlfcn_h=yes
ac_cv_header_errno_h=yes
ac_cv_header_fcntl_h=yes
ac_cv_header_float_h=yes
ac_cv_header_inttypes_h=yes
ac_cv_header_limits_h=yes
ac_cv_header_memory_h=yes
ac_cv_header_net_errno_h=no
ac_cv_header_stdc=yes
ac_cv_header_stdint_h=yes
ac_cv_header_stdlib_h=yes
ac_cv_header_string_h=yes
ac_cv_header_strings_h=yes
ac_cv_header_sys_filio_h=no
ac_cv_header_sys_ioctl_h=yes
ac_cv_header_sys_param_h=yes
ac_cv_header_sys_stat_h=yes
ac_cv_header_sys_types_h=yes
ac_cv_header_sys_wait_h=yes
ac_cv_header_unistd_h=yes
ac_cv_header_values_h=yes
ac_cv_lib_c_strerror=yes
ac_cv_lib_ieee_main=yes
ac_cv_lib_inet_main=no
ac_cv_lib_pthread_pthread_mutex_init=yes
ac_cv_objext=o
ac_cv_path_EGREP='/bin/grep -E'
ac_cv_path_GREP=/bin/grep
ac_cv_prog_CPP='gcc -E'
ac_cv_prog_ac_ct_AR=ar
ac_cv_prog_ac_ct_CC=gcc
ac_cv_prog_ac_ct_RANLIB=ranlib
ac_cv_prog_cc_c89=
ac_cv_prog_cc_g=yes
ac_cv_prog_make_make_set=yes
tcl_cv_cast_to_union=yes
tcl_cv_cc_pipe=yes
tcl_cv_cc_visibility_hidden=yes
tcl_cv_dirent_h=yes
tcl_cv_flag__isoc99_source=no
tcl_cv_flag__largefile64_source=yes
tcl_cv_flag__largefile_source64=no
tcl_cv_struct_dirent64=yes
tcl_cv_struct_stat64=yes
tcl_cv_sys_version=Linux-3.2.0-4-686-pae
tcl_cv_type_64bit='long long'
tcl_cv_type_off64_t=yes

## ----------------- ##
## Output variables. ##
## ----------------- ##

AR='ar'
CC='gcc'
CELIB_DIR=''
CFLAGS=' -pipe ${CFLAGS_DEFAULT} ${CFLAGS_WARNING} ${SHLIB_CFLAGS} '
CFLAGS_DEBUG='-g'
CFLAGS_DEFAULT='-O2 -fomit-frame-pointer -DNDEBUG'
CFLAGS_OPTIMIZE='-O2 -fomit-frame-pointer'
CFLAGS_WARNING='-Wall'
CLEANFILES='pkgIndex.tcl'
CPP='gcc -E'
CPPFLAGS=''
CYGPATH='echo'
DEFS='-DPACKAGE_NAME=\"udp\" -DPACKAGE_TARNAME=\"udp\" -DPACKAGE_VERSION=\"1.0.11\" -DPACKAGE_STRING=\"udp\ 1.0.11\" -DPACKAGE_BUGREPORT=\"\" -DPACKAGE_URL=\"\" -DBUILD_udp=/\*\*/ -DSTDC_HEADERS=1 -DHAVE_SYS_TYPES_H=1 -DHAVE_SYS_STAT_H=1 -DHAVE_STDLIB_H=1 -DHAVE_STRING_H=1 -DHAVE_MEMORY_H=1 -DHAVE_STRINGS_H=1 -DHAVE_INTTYPES_H=1 -DHAVE_STDINT_H=1 -DHAVE_UNISTD_H=1 -DHAVE_LIMITS_H=1 -DHAVE_SYS_PARAM_H=1 -DHAVE_SYS_IOCTL_H=1 -DUSE_THREAD_ALLOC=1 -D_REENTRANT=1 -D_THREAD_SAFE=1 -DTCL_THREADS=1 -DMODULE_SCOPE=extern\ __attribute__\(\(__visibility__\(\"hidden\"\)\)\) -DHAVE_HIDDEN=1 -DHAVE_CAST_TO_UNION=1 -D_LARGEFILE64_SOURCE=1 -DTCL_WIDE_INT_TYPE=long\ long -DHAVE_STRUCT_DIRENT64=1 -DHAVE_STRUCT_STAT64=1 -DHAVE_OPEN64=1 -DHAVE_LSEEK64=1 -DHAVE_TYPE_OFF64_T=1 -DUSE_TCL_STUBS=1 -DHAVE_FCNTL_H=1 -DHAVE_FLAG_FD_CLOEXEC=1'
DTPLITE=':'
ECHO_C=''
ECHO_N='-n'
ECHO_T=''
EGREP='/bin/grep -E'
EXEEXT=''
GREP='/bin/grep'
INSTALL='$(SHELL) $(srcdir)/tclconfig/install-sh -c'
INSTALL_DATA='${INSTALL} -m 644'
INSTALL_PROGRAM='${INSTALL}'
INSTALL_SCRIPT='${INSTALL}'
LDFLAGS=' -Wl,--export-dynamic '
LDFLAGS_DEFAULT=' -Wl,--export-dynamic '
LD_LIBRARY_PATH_VAR='LD_LIBRARY_PATH'
LIBOBJS=''
LIBS=''
LTLIBOBJS=''
MAKE_LIB='${SHLIB_LD} -o $@ $(PKG_OBJECTS) ${SHLIB_LD_LIBS} '
MAKE_SHARED_LIB='${SHLIB_LD} -o $@ $(PKG_OBJECTS) ${SHLIB_LD_LIBS}'
MAKE_STATIC_LIB='${STLIB_LD} $@ $(PKG_OBJECTS)'
MAKE_STUB_LIB='${STLIB_LD} $@ $(PKG_STUB_OBJECTS)'
MATH_LIBS='-lieee -lm'
OBJEXT='o'
PACKAGE_BUGREPORT=''
PACKAGE_NAME='udp'
PACKAGE_STRING='udp 1.0.11'
PACKAGE_TARNAME='udp'
PACKAGE_URL=''
PACKAGE_VERSION='1.0.11'
PATH_SEPARATOR=':'
PKG_CFLAGS='  -DHAVE_STRERROR'
PKG_HEADERS=''
PKG_INCLUDES=''
PKG_LIBS=''
PKG_LIB_FILE='libudp1.0.11.so'
PKG_OBJECTS=' udp_tcl.o'
PKG_SOURCES=' udp_tcl.c'
PKG_STUB_LIB_FILE='libudpstub1.0.11.a'
PKG_STUB_OBJECTS=''
PKG_STUB_SOURCES=''
PKG_TCL_SOURCES=''
RANLIB=':'
RANLIB_STUB='ranlib'
RC=''
SET_MAKE=''
SHARED_BUILD='1'
SHELL='/bin/sh'
SHLIB_CFLAGS='-fPIC'
SHLIB_LD='${CC} -shared ${CFLAGS} ${LDFLAGS_DEFAULT}'
SHLIB_LD_LIBS='${LIBS} -L/home/lach/Sama/tcl/tcl8.6.6/unix -ltclstub8.6'
STLIB_LD='${AR} cr'
TCLSH_PROG='/home/lach/Sama/tcl/tcl8.6.6/unix/tclsh'
TCL_BIN_DIR='/home/lach/Sama/tcl/tcl8.6.6/unix'
TCL_DBGX=''
TCL_DEFS='-DPACKAGE_NAME=\"tcl\" -DPACKAGE_TARNAME=\"tcl\" -DPACKAGE_VERSION=\"8.6\" -DPACKAGE_STRING=\"tcl\ 8.6\" -DPACKAGE_BUGREPORT=\"\" -DSTDC_HEADERS=1 -DHAVE_SYS_TYPES_H=1 -DHAVE_SYS_STAT_H=1 -DHAVE_STDLIB_H=1 -DHAVE_STRING_H=1 -DHAVE_MEMORY_H=1 -DHAVE_STRINGS_H=1 -DHAVE_INTTYPES_H=1 -DHAVE_STDINT_H=1 -DHAVE_UNISTD_H=1 -DHAVE_SYS_PARAM_H=1 -DUSE_THREAD_ALLOC=1 -D_REENTRANT=1 -D_THREAD_SAFE=1 -DHAVE_PTHREAD_ATTR_SETSTACKSIZE=1 -DHAVE_PTHREAD_ATFORK=1 -DTCL_THREADS=1 -DTCL_CFGVAL_ENCODING=\"iso8859-1\" -DHAVE_ZLIB=1 -DMODULE_SCOPE=extern\ __attribute__\(\(__visibility__\(\"hidden\"\)\)\) -DHAVE_HIDDEN=1 -DHAVE_CAST_TO_UNION=1 -DTCL_SHLIB_EXT=\".so\" -DNDEBUG=1 -DTCL_CFG_OPTIMIZED=1 -DTCL_TOMMATH=1 -DMP_PREC=4 -D_LARGEFILE64_SOURCE=1 -DTCL_WIDE_INT_TYPE=long\ long -DHAVE_STRUCT_DIRENT64=1 -DHAVE_STRUCT_STAT64=1 -DHAVE_OPEN64=1 -DHAVE_LSEEK64=1 -DHAVE_TYPE_OFF64_T=1 -DHAVE_GETCWD=1 -DHAVE_MKSTEMP=1 -DHAVE_OPENDIR=1 -DHAVE_STRTOL=1 -DHAVE_WAITPID=1 -DHAVE_GETNAMEINFO=1 -DHAVE_GETADDRINFO=1 -DHAVE_FREEADDRINFO=1 -DHAVE_GAI_STRERROR=1 -DHAVE_STRUCT_ADDRINFO=1 -DHAVE_STRUCT_IN6_ADDR=1 -DHAVE_STRUCT_SOCKADDR_IN6=1 -DHAVE_STRUCT_SOCKADDR_STORAGE=1 -DHAVE_GETPWUID_R_5=1 -DHAVE_GETPWUID_R=1 -DHAVE_GETPWNAM_R_5=1 -DHAVE_GETPWNAM_R=1 -DHAVE_GETGRGID_R_5=1 -DHAVE_GETGRGID_R=1 -DHAVE_GETGRNAM_R_5=1 -DHAVE_GETGRNAM_R=1 -DHAVE_GETHOSTBYNAME_R_6=1 -DHAVE_GETHOSTBYNAME_R=1 -DHAVE_GETHOSTBYADDR_R_8=1 -DHAVE_GETHOSTBYADDR_R=1 -DHAVE_TERMIOS_H=1 -DHAVE_SYS_IOCTL_H=1 -DHAVE_SYS_TIME_H=1 -DTIME_WITH_SYS_TIME=1 -DHAVE_GMTIME_R=1 -DHAVE_LOCALTIME_R=1 -DHAVE_MKTIME=1 -DHAVE_TM_GMTOFF=1 -DHAVE_TIMEZONE_VAR=1 -DHAVE_STRUCT_STAT_ST_BLOCKS=1 -DHAVE_STRUCT_STAT_ST_BLKSIZE=1 -DHAVE_BLKCNT_T=1 -DHAVE_INTPTR_T=1 -DHAVE_UINTPTR_T=1 -DHAVE_SIGNED_CHAR=1 -DHAVE_LANGINFO=1 -DHAVE_MKSTEMPS=1 -DHAVE_SYS_IOCTL_H=1 -DTCL_UNLOAD_DLLS=1 -DHAVE_CPUID=1 '
TCL_EXTRA_CFLAGS=' -pipe '
TCL_INCLUDES='-I"/home/lach/Sama/tcl/tcl8.6.6/generic"'
TCL_LD_FLAGS=' -Wl,--export-dynamic '
TCL_LIBS='${DL_LIBS} ${LIBS} ${MATH_LIBS}'
TCL_LIB_FILE='libtcl8.6.so'
TCL_LIB_FLAG='-ltcl8.6'
TCL_LIB_SPEC='-L/home/lach/Sama/tcl/tcl8.6.6/unix -ltcl8.6'
TCL_PATCH_LEVEL='.6'
TCL_SHLIB_LD_LIBS='${LIBS}'
TCL_SRC_DIR='/home/lach/Sama/tcl/tcl8.6.6'
TCL_STUB_LIB_FILE='libtclstub8.6.a'
TCL_STUB_LIB_FLAG='-ltclstub8.6'
TCL_STUB_LIB_SPEC='-L/home/lach/Sama/tcl/tcl8.6.6/unix -ltclstub8.6'
TCL_THREADS='1'
TCL_VERSION='8.6'
VC_MANIFEST_EMBED_DLL=''
VC_MANIFEST_EMBED_EXE=''
ac_ct_CC='gcc'
bindir='${exec_prefix}/bin'
build_alias=''
datadir='${datarootdir}'
datarootdir='${prefix}/share'
docdir='${datarootdir}/doc/${PACKAGE_TARNAME}'
dvidir='${docdir}'
exec_prefix='/usr/local'
host_alias=''
htmldir='${docdir}'
includedir='${prefix}/include'
infodir='${datarootdir}/info'
libdir='/usr/local/lib'
libexecdir='${exec_prefix}/libexec'
localedir='${datarootdir}/locale'
localstatedir='${prefix}/var'
mandir='${datarootdir}/man'
oldincludedir='/usr/include'
pdfdir='${docdir}'
prefix='/usr/local'
program_transform_name='s,x,x,'
psdir='${docdir}'
sbindir='${exec_prefix}/sbin'
sharedstatedir='${prefix}/com'
sysconfdir='${prefix}/etc'
target_alias=''

## ----------- ##
## confdefs.h. ##
## ----------- ##

/* confdefs.h */
#define PACKAGE_NAME "udp"
#define PACKAGE_TARNAME "udp"
#define PACKAGE_VERSION "1.0.11"
#define PACKAGE_STRING "udp 1.0.11"
#define PACKAGE_BUGREPORT ""
#define PACKAGE_URL ""
#define BUILD_udp /**/
#define STDC_HEADERS 1
#define HAVE_SYS_TYPES_H 1
#define HAVE_SYS_STAT_H 1
#define HAVE_STDLIB_H 1
#define HAVE_STRING_H 1
#define HAVE_MEMORY_H 1
#define HAVE_STRINGS_H 1
#define HAVE_INTTYPES_H 1
#define HAVE_STDINT_H 1
#define HAVE_UNISTD_H 1
#define HAVE_LIMITS_H 1
#define HAVE_SYS_PARAM_H 1
#define HAVE_SYS_IOCTL_H 1
#define USE_THREAD_ALLOC 1
#define _REENTRANT 1
#define _THREAD_SAFE 1
#define TCL_THREADS 1
#define MODULE_SCOPE extern __attribute__((__visibility__("hidden")))
#define HAVE_HIDDEN 1
#define HAVE_CAST_TO_UNION 1
#define _LARGEFILE64_SOURCE 1
#define TCL_WIDE_INT_TYPE long long
#define HAVE_STRUCT_DIRENT64 1
#define HAVE_STRUCT_STAT64 1
#define HAVE_OPEN64 1
#define HAVE_LSEEK64 1
#define HAVE_TYPE_OFF64_T 1
#define USE_TCL_STUBS 1
#define HAVE_FCNTL_H 1
#define HAVE_FLAG_FD_CLOEXEC 1

configure: exit 0
